9.9206 	DEBUG 	Fullscreen settings ignored as running in pilot mode.
9.9237 	INFO 	Loaded monitor calibration from ['2025_10_02 14:32']
10.2734 	INFO 	Using renderer 'AMD Radeon(TM) Graphics' for graphics
10.2735 	INFO 	OpenGL version supported by driver is 4..
10.2998 	EXP 	Created window1 = Window(allowGUI=False, allowStencil=False, autoLog=True, backendConf=UNKNOWN, backgroundFit=<method-wrapper '__getattribute__' of attributeSetter object at 0x00000249DE99EAA0>, backgroundImage=<method-wrapper '__getattribute__' of attributeSetter object at 0x00000249DE99C3D0>, bitsMode=UNKNOWN, blendMode='avg', bpc=(8, 8, 8), color=array([0, 0, 0]), colorSpace='rgb', depthBits=8, fullscr=False, gamma=None, gammaErrorPolicy='raise', infoMsg=UNKNOWN, lms=UNKNOWN, monitor=<psychopy.monitors.calibTools.Monitor object at 0x00000249DDF90A90>, multiSample=False, name='window1', numSamples=2, pos=[np.float64(560.0), np.float64(240.0)], screen=0, size=array([800, 600]), stencilBits=0, stereo=False, title='PsychoPy', units='height', useFBO=True, useRetina=False, viewOri=0.0, viewPos=None, viewScale=None, waitBlanking=True, winType='pyglet')
10.2999 	EXP 	window1: backgroundImage = ''
10.2999 	EXP 	window1: backgroundFit = 'none'
10.3343 	DEBUG 	TextBox2 loaded 1 chars with 0 blanks and 1 valid
10.3569 	DEBUG 	TextBox2 loaded 1 chars with 0 blanks and 1 valid
10.3760 	DEBUG 	TextBox2 loaded 1 chars with 0 blanks and 1 valid
10.3954 	DEBUG 	TextBox2 loaded 1 chars with 0 blanks and 1 valid
10.4171 	DEBUG 	TextBox2 loaded 1 chars with 0 blanks and 1 valid
10.4365 	DEBUG 	TextBox2 loaded 1 chars with 0 blanks and 1 valid
10.4555 	DEBUG 	TextBox2 loaded 1 chars with 0 blanks and 1 valid
10.4744 	DEBUG 	TextBox2 loaded 1 chars with 0 blanks and 1 valid
10.4937 	DEBUG 	TextBox2 loaded 1 chars with 0 blanks and 1 valid
10.5125 	DEBUG 	TextBox2 loaded 1 chars with 0 blanks and 1 valid
10.5313 	DEBUG 	TextBox2 loaded 1 chars with 0 blanks and 1 valid
10.5503 	DEBUG 	TextBox2 loaded 1 chars with 0 blanks and 1 valid
10.5689 	DEBUG 	TextBox2 loaded 1 chars with 0 blanks and 1 valid
10.5928 	DEBUG 	TextBox2 loaded 1 chars with 0 blanks and 1 valid
10.6167 	DEBUG 	TextBox2 loaded 1 chars with 0 blanks and 1 valid
10.6360 	DEBUG 	TextBox2 loaded 1 chars with 0 blanks and 1 valid
10.6546 	DEBUG 	TextBox2 loaded 1 chars with 0 blanks and 1 valid
10.6730 	DEBUG 	TextBox2 loaded 1 chars with 0 blanks and 1 valid
10.6911 	DEBUG 	TextBox2 loaded 1 chars with 0 blanks and 1 valid
10.7100 	DEBUG 	TextBox2 loaded 1 chars with 0 blanks and 1 valid
10.7286 	DEBUG 	TextBox2 loaded 1 chars with 0 blanks and 1 valid
10.7292 	DEBUG 	Uploading Texture Font fontname to graphics card
10.7325 	DEBUG 	Upload of Texture Font fontname complete
10.7641 	DEBUG 	TextBox2 loaded 1 chars with 0 blanks and 1 valid
10.7868 	DEBUG 	TextBox2 loaded 1 chars with 0 blanks and 1 valid
10.8072 	DEBUG 	TextBox2 loaded 1 chars with 0 blanks and 1 valid
10.8077 	DEBUG 	Uploading Texture Font fontname to graphics card
10.8086 	DEBUG 	Upload of Texture Font fontname complete
10.8120 	EXP 	window1: Attempting to measure frame rate of screen (0) ...
10.8121 	EXP 	window1: recordFrameIntervals = False
11.0155 	EXP 	window1: recordFrameIntervals = True
11.1982 	EXP 	Screen (0) actual frame rate measured at 60.61Hz
11.1983 	EXP 	window1: recordFrameIntervals = False
11.2366 	DEBUG 	TextBox2 loaded 1 chars with 0 blanks and 1 valid
11.2656 	DEBUG 	TextBox2 loaded 1 chars with 0 blanks and 1 valid
11.2959 	DEBUG 	TextBox2 loaded 1 chars with 0 blanks and 1 valid
11.3237 	DEBUG 	TextBox2 loaded 1 chars with 0 blanks and 1 valid
11.3492 	DEBUG 	TextBox2 loaded 1 chars with 0 blanks and 1 valid
11.3813 	DEBUG 	TextBox2 loaded 1 chars with 0 blanks and 1 valid
11.4081 	DEBUG 	TextBox2 loaded 1 chars with 0 blanks and 1 valid
11.4335 	DEBUG 	TextBox2 loaded 1 chars with 0 blanks and 1 valid
11.4707 	DEBUG 	TextBox2 loaded 1 chars with 0 blanks and 1 valid
11.5051 	DEBUG 	TextBox2 loaded 1 chars with 0 blanks and 1 valid
11.5062 	DEBUG 	Uploading Texture Font fontname to graphics card
11.5126 	DEBUG 	Upload of Texture Font fontname complete
11.6271 	INFO 	keyboard.Keyboard is using ptb backend.
11.6274 	INFO 	keyboard.Keyboard is using ptb backend.
11.6276 	INFO 	keyboard.Keyboard is using ptb backend.
11.6276 	EXP 	oct30exp: status = STARTED
11.8394 	EXP 	Created inst_text = TextStim(__class__=<class 'psychopy.visual.text.TextStim'>, alignHoriz=method-wrapper(...), alignText='center', alignVert=method-wrapper(...), anchorHoriz='center', anchorVert='center', antialias=True, autoDraw=False, autoLog=True, bold=False, color=array([1., 1., 1.]), colorSpace='rgb', contrast=1.0, depth=0.0, draggable=False, flipHoriz=False, flipVert=False, font='Arial', fontFiles=[], height=np.float64(0.05), italic=False, languageStyle='LTR', name='inst_text', opacity=1, ori=0.0, pos=array([0., 0.]), rgb=UNKNOWN, text=str(...), units='height', win=Window(...), wrapWidth=1)
11.8900 	EXP 	Created cue = ImageStim(__class__=<class 'psychopy.visual.image.ImageStim'>, anchor=('center', 'center'), autoLog=True, color=array([1., 1., 1.]), colorSpace='rgb', contrast=1.0, depth=-1.0, draggable=False, flipHoriz=np.False_, flipVert=np.False_, image='images/rocket.png', interpolate=True, mask=None, maskParams=None, name='cue', opacity=1, ori=1.0, pos=array([0., 0.]), size=array([0.1, 0.1]), texRes=128.0, units='height', win=Window(...))
11.8996 	EXP 	Created target = ImageStim(__class__=<class 'psychopy.visual.image.ImageStim'>, anchor=('center', 'center'), autoLog=True, color=array([1., 1., 1.]), colorSpace='rgb', contrast=1.0, depth=-2.0, draggable=False, flipHoriz=np.False_, flipVert=np.False_, image='default.png', interpolate=True, mask=None, maskParams=None, name='target', opacity=1, ori=1.0, pos=array([0., 0.]), size=array([0.1, 0.1]), texRes=128.0, units='height', win=Window(...))
11.9090 	EXP 	Created fbimage = ImageStim(__class__=<class 'psychopy.visual.image.ImageStim'>, anchor=('center', 'center'), autoLog=True, color=array([1., 1., 1.]), colorSpace='rgb', contrast=1.0, depth=-1.0, draggable=False, flipHoriz=np.False_, flipVert=np.False_, image='default.png', interpolate=True, mask=None, maskParams=None, name='fbimage', opacity=1, ori=0.0, pos=array([0., 0.]), size=array([0.5, 0.5]), texRes=128.0, units='height', win=Window(...))
0.0407 	INFO 	Keyboard events cleared
0.0406 	EXP 	inst_text: autoDraw = True
0.4331 	EXP 	Device response: <KeyPress from None: t=0.41732890001730993, value=right, duration=None>
0.4416 	DEBUG 	Read excel file with openpyxl: spreadsheets/blocks.xlsx
0.4417 	EXP 	Imported spreadsheets/blocks.xlsx as conditions, 2 conditions, 1 params
0.4421 	EXP 	New trial (rep=0, index=0): <Trial 0 (0 in rep 0) data={'block_file': 'spreadsheets/green_alien_block.xlsx', 'thisN': 0, 'thisTrialN': 0, 'thisRepN': 0}>
0.4524 	DEBUG 	Read excel file with openpyxl: spreadsheets/green_alien_block.xlsx
0.4530 	EXP 	Imported spreadsheets/green_alien_block.xlsx as conditions, 4 conditions, 5 params
0.4535 	EXP 	New trial (rep=0, index=0): <Trial 0 (0 in rep 0) data={'target_image': 'images/green_alien.png', 'cue_ori': 90, 'target_x': 0.5, 'condition': 'congruent', 'answer': 'right', 'thisN': 0, 'thisTrialN': 0, 'thisRepN': 0}>
0.5315 	DATA 	Keypress: right
0.5376 	EXP 	inst_text: autoDraw = False
0.5376 	EXP 	cue: ori = np.float64(90.0)
0.5376 	EXP 	target: ori = np.float64(0.0)
0.5376 	EXP 	target: image = 'images/red_alien.png'
0.5376 	EXP 	cue: autoDraw = True
0.5765 	EXP 	Device response: <KeyPress from None: t=0.41732890001730993, value=right, duration=0.14936159999342635>
1.0397 	INFO 	Keyboard events cleared
1.0395 	EXP 	cue: autoDraw = False
1.0395 	EXP 	target: autoDraw = True
1.2603 	EXP 	Device response: <KeyPress from None: t=1.2492973000044003, value=right, duration=None>
1.2915 	DATA 	Keypress: right
1.3066 	EXP 	cue: autoDraw = False
1.3066 	EXP 	target: autoDraw = False
1.3066 	EXP 	fbimage: image = 'images/star.png'
1.3066 	EXP 	fbimage: autoDraw = True
1.4106 	EXP 	Device response: <KeyPress from None: t=1.2492973000044003, value=right, duration=0.15454489999683574>
1.7613 	EXP 	New trial (rep=0, index=1): <Trial 1 (1 in rep 0) data={'target_image': 'images/green_alien.png', 'cue_ori': 270, 'target_x': 0.5, 'condition': 'incongruent', 'answer': 'right', 'thisN': 1, 'thisTrialN': 1, 'thisRepN': 0}>
1.8904 	EXP 	fbimage: autoDraw = False
1.8904 	EXP 	cue: ori = np.float64(270.0)
1.8904 	EXP 	target: ori = np.float64(0.0)
1.8904 	EXP 	target: image = 'images/green_alien.png'
1.8904 	EXP 	cue: autoDraw = True
2.3278 	EXP 	Device response: <KeyPress from None: t=2.3162642999959644, value=left, duration=None>
2.3290 	DATA 	Keypress: left
2.3729 	INFO 	Keyboard events cleared
2.3728 	EXP 	target: autoDraw = True
2.3899 	EXP 	cue: autoDraw = False
2.4447 	EXP 	Device response: <KeyPress from None: t=2.3162642999959644, value=left, duration=0.1186364000022877>
3.1281 	EXP 	Device response: <KeyPress from None: t=3.1125185000128113, value=left, duration=None>
3.1282 	EXP 	Device response: <KeyPress from None: t=3.1274827000161167, value=right, duration=None>
3.1429 	DATA 	Keypress: left
3.1431 	DATA 	Keypress: right
3.1557 	EXP 	cue: autoDraw = False
3.1557 	EXP 	target: autoDraw = False
3.1557 	EXP 	fbimage: image = 'images/star.png'
3.1557 	EXP 	fbimage: autoDraw = True
3.1604 	EXP 	Device response: <KeyPress from None: t=3.1125185000128113, value=left, duration=0.04488770000170916>
3.2934 	EXP 	Device response: <KeyPress from None: t=3.1274827000161167, value=right, duration=0.16068009997252375>
3.6442 	EXP 	New trial (rep=0, index=2): <Trial 2 (2 in rep 0) data={'target_image': 'images/green_alien.png', 'cue_ori': 90, 'target_x': -0.5, 'condition': 'incongruent', 'answer': 'left', 'thisN': 2, 'thisTrialN': 2, 'thisRepN': 0}>
3.7240 	EXP 	fbimage: autoDraw = False
3.7240 	EXP 	cue: ori = np.float64(90.0)
3.7240 	EXP 	target: ori = np.float64(0.0)
3.7240 	EXP 	target: image = 'images/green_alien.png'
3.7240 	EXP 	cue: autoDraw = True
4.2231 	EXP 	cue: autoDraw = False
4.2402 	INFO 	Keyboard events cleared
4.2401 	EXP 	target: autoDraw = True
4.7294 	EXP 	Device response: <KeyPress from None: t=4.721821999992244, value=left, duration=None>
4.7456 	DATA 	Keypress: left
4.7569 	EXP 	cue: autoDraw = False
4.7569 	EXP 	target: autoDraw = False
4.7569 	EXP 	fbimage: image = 'images/star.png'
4.7569 	EXP 	fbimage: autoDraw = True
4.8275 	EXP 	Device response: <KeyPress from None: t=4.721821999992244, value=left, duration=0.10428790000150912>
5.2436 	EXP 	New trial (rep=0, index=3): <Trial 3 (3 in rep 0) data={'target_image': 'images/green_alien.png', 'cue_ori': 270, 'target_x': -0.5, 'condition': 'congruent', 'answer': 'left', 'thisN': 3, 'thisTrialN': 3, 'thisRepN': 0}>
5.3073 	EXP 	fbimage: autoDraw = False
5.3073 	EXP 	cue: ori = np.float64(270.0)
5.3073 	EXP 	target: ori = np.float64(0.0)
5.3073 	EXP 	target: image = 'images/green_alien.png'
5.3073 	EXP 	cue: autoDraw = True
5.8223 	EXP 	cue: autoDraw = False
5.8392 	INFO 	Keyboard events cleared
5.8391 	EXP 	target: autoDraw = True
6.0614 	EXP 	Device response: <KeyPress from None: t=6.057006399991224, value=left, duration=None>
6.0755 	DATA 	Keypress: left
6.0897 	EXP 	cue: autoDraw = False
6.0897 	EXP 	target: autoDraw = False
6.0897 	EXP 	fbimage: image = 'images/star.png'
6.0897 	EXP 	fbimage: autoDraw = True
6.1932 	EXP 	Device response: <KeyPress from None: t=6.057006399991224, value=left, duration=0.13408760001766495>
6.5772 	EXP 	New trial (rep=1, index=0): <Trial 4 (0 in rep 1) data={'target_image': 'images/green_alien.png', 'cue_ori': 90, 'target_x': 0.5, 'condition': 'congruent', 'answer': 'right', 'thisN': 4, 'thisTrialN': 0, 'thisRepN': 1}>
6.6412 	EXP 	fbimage: autoDraw = False
6.6412 	EXP 	cue: ori = np.float64(90.0)
6.6412 	EXP 	target: ori = np.float64(0.0)
6.6412 	EXP 	target: image = 'images/green_alien.png'
6.6412 	EXP 	cue: autoDraw = True
7.1422 	EXP 	cue: autoDraw = False
7.1832 	EXP 	Device response: <KeyPress from None: t=7.163573500001803, value=right, duration=None>
7.1858 	DATA 	Keypress: right
7.2068 	INFO 	Keyboard events cleared
7.2066 	EXP 	target: autoDraw = True
7.3140 	EXP 	Device response: <KeyPress from None: t=7.163573500001803, value=right, duration=0.1395704000024125>
7.6441 	EXP 	Device response: <KeyPress from None: t=7.640922799997497, value=right, duration=None>
7.6579 	DATA 	Keypress: right
7.6725 	EXP 	cue: autoDraw = False
7.6725 	EXP 	target: autoDraw = False
7.6725 	EXP 	fbimage: image = 'images/star.png'
7.6725 	EXP 	fbimage: autoDraw = True
7.7939 	EXP 	Device response: <KeyPress from None: t=7.640922799997497, value=right, duration=0.1494038999953773>
8.1605 	EXP 	New trial (rep=1, index=1): <Trial 5 (1 in rep 1) data={'target_image': 'images/green_alien.png', 'cue_ori': 90, 'target_x': -0.5, 'condition': 'incongruent', 'answer': 'left', 'thisN': 5, 'thisTrialN': 1, 'thisRepN': 1}>
8.2571 	EXP 	fbimage: autoDraw = False
8.2571 	EXP 	cue: ori = np.float64(90.0)
8.2571 	EXP 	target: ori = np.float64(0.0)
8.2571 	EXP 	target: image = 'images/red_alien.png'
8.2571 	EXP 	cue: autoDraw = True
8.7567 	INFO 	Keyboard events cleared
8.7566 	EXP 	cue: autoDraw = False
8.7566 	EXP 	target: autoDraw = True
9.0761 	EXP 	Device response: <KeyPress from None: t=9.070680200005881, value=left, duration=None>
9.0895 	DATA 	Keypress: left
9.1057 	EXP 	cue: autoDraw = False
9.1057 	EXP 	target: autoDraw = False
9.1057 	EXP 	fbimage: image = 'images/star.png'
9.1057 	EXP 	fbimage: autoDraw = True
9.2600 	EXP 	Device response: <KeyPress from None: t=9.070680200005881, value=left, duration=0.17918430001009256>
9.5939 	EXP 	New trial (rep=1, index=2): <Trial 6 (2 in rep 1) data={'target_image': 'images/green_alien.png', 'cue_ori': 270, 'target_x': -0.5, 'condition': 'congruent', 'answer': 'left', 'thisN': 6, 'thisTrialN': 2, 'thisRepN': 1}>
9.6576 	EXP 	fbimage: autoDraw = False
9.6576 	EXP 	cue: ori = np.float64(270.0)
9.6576 	EXP 	target: ori = np.float64(0.0)
9.6576 	EXP 	target: image = 'images/red_alien.png'
9.6576 	EXP 	cue: autoDraw = True
10.1793 	EXP 	cue: autoDraw = False
10.2297 	INFO 	Keyboard events cleared
10.2292 	EXP 	target: autoDraw = True
10.4925 	EXP 	Device response: <KeyPress from None: t=10.48112179999589, value=right, duration=None>
10.5858 	DATA 	Keypress: right
10.6084 	EXP 	cue: autoDraw = False
10.6084 	EXP 	target: autoDraw = False
10.6084 	EXP 	fbimage: image = 'images/asteroid.png'
10.6084 	EXP 	fbimage: autoDraw = True
10.6160 	EXP 	Device response: <KeyPress from None: t=10.48112179999589, value=right, duration=0.13390740001341328>
10.9933 	EXP 	New trial (rep=1, index=3): <Trial 7 (3 in rep 1) data={'target_image': 'images/green_alien.png', 'cue_ori': 270, 'target_x': 0.5, 'condition': 'incongruent', 'answer': 'right', 'thisN': 7, 'thisTrialN': 3, 'thisRepN': 1}>
11.1072 	EXP 	fbimage: autoDraw = False
11.1072 	EXP 	cue: ori = np.float64(270.0)
11.1072 	EXP 	target: ori = np.float64(0.0)
11.1072 	EXP 	target: image = 'images/green_alien.png'
11.1072 	EXP 	cue: autoDraw = True
11.6070 	INFO 	Keyboard events cleared
11.6069 	EXP 	cue: autoDraw = False
11.6069 	EXP 	target: autoDraw = True
11.6965 	EXP 	Device response: <KeyPress from None: t=11.686463199992431, value=left, duration=None>
11.7318 	DATA 	Keypress: left
11.7399 	EXP 	cue: autoDraw = False
11.7399 	EXP 	target: autoDraw = False
11.7399 	EXP 	fbimage: image = 'images/asteroid.png'
11.7399 	EXP 	fbimage: autoDraw = True
11.8615 	EXP 	Device response: <KeyPress from None: t=11.686463199992431, value=left, duration=0.16396080001140945>
12.2109 	EXP 	New trial (rep=2, index=0): <Trial 8 (0 in rep 2) data={'target_image': 'images/green_alien.png', 'cue_ori': 90, 'target_x': 0.5, 'condition': 'congruent', 'answer': 'right', 'thisN': 8, 'thisTrialN': 0, 'thisRepN': 2}>
12.3071 	EXP 	fbimage: autoDraw = False
12.3071 	EXP 	cue: ori = np.float64(90.0)
12.3071 	EXP 	target: ori = np.float64(0.0)
12.3071 	EXP 	target: image = 'images/red_alien.png'
12.3071 	EXP 	cue: autoDraw = True
12.8632 	INFO 	Keyboard events cleared
12.8627 	EXP 	cue: autoDraw = False
12.8627 	EXP 	target: autoDraw = True
13.1514 	EXP 	Device response: <KeyPress from None: t=13.141395200014813, value=right, duration=None>
13.1980 	DATA 	Keypress: right
13.2079 	EXP 	cue: autoDraw = False
13.2079 	EXP 	target: autoDraw = False
13.2079 	EXP 	fbimage: image = 'images/star.png'
13.2079 	EXP 	fbimage: autoDraw = True
13.3783 	EXP 	Device response: <KeyPress from None: t=13.141395200014813, value=right, duration=0.23333439999260008>
13.6605 	EXP 	New trial (rep=2, index=1): <Trial 9 (1 in rep 2) data={'target_image': 'images/green_alien.png', 'cue_ori': 270, 'target_x': -0.5, 'condition': 'congruent', 'answer': 'left', 'thisN': 9, 'thisTrialN': 1, 'thisRepN': 2}>
13.7742 	EXP 	fbimage: autoDraw = False
13.7742 	EXP 	cue: ori = np.float64(270.0)
13.7742 	EXP 	target: ori = np.float64(0.0)
13.7742 	EXP 	target: image = 'images/green_alien.png'
13.7742 	EXP 	cue: autoDraw = True
14.2575 	INFO 	Keyboard events cleared
14.2573 	EXP 	target: autoDraw = True
14.2737 	EXP 	cue: autoDraw = False
14.3285 	EXP 	Device response: <KeyPress from None: t=14.327191399992444, value=left, duration=None>
14.3463 	DATA 	Keypress: left
14.3564 	EXP 	cue: autoDraw = False
14.3564 	EXP 	target: autoDraw = False
14.3564 	EXP 	fbimage: image = 'images/star.png'
14.3564 	EXP 	fbimage: autoDraw = True
14.4271 	EXP 	Device response: <KeyPress from None: t=14.327191399992444, value=left, duration=0.09371549999923445>
14.8433 	EXP 	New trial (rep=2, index=2): <Trial 10 (2 in rep 2) data={'target_image': 'images/green_alien.png', 'cue_ori': 270, 'target_x': 0.5, 'condition': 'incongruent', 'answer': 'right', 'thisN': 10, 'thisTrialN': 2, 'thisRepN': 2}>
14.9407 	EXP 	fbimage: autoDraw = False
14.9407 	EXP 	cue: ori = np.float64(270.0)
14.9407 	EXP 	target: ori = np.float64(0.0)
14.9407 	EXP 	target: image = 'images/red_alien.png'
14.9407 	EXP 	cue: autoDraw = True
15.4411 	INFO 	Keyboard events cleared
15.4409 	EXP 	cue: autoDraw = False
15.4409 	EXP 	target: autoDraw = True
15.7439 	EXP 	Device response: <KeyPress from None: t=15.741112599993357, value=left, duration=None>
15.7871 	EXP 	Device response: <KeyPress from None: t=15.751060300011886, value=right, duration=None>
15.7872 	EXP 	Device response: <KeyPress from None: t=15.741112599993357, value=left, duration=0.034833400015486404>
15.7888 	DATA 	Keypress: left
15.7892 	DATA 	Keypress: right
15.8080 	EXP 	cue: autoDraw = False
15.8080 	EXP 	target: autoDraw = False
15.8080 	EXP 	fbimage: image = 'images/asteroid.png'
15.8080 	EXP 	fbimage: autoDraw = True
15.9098 	EXP 	Device response: <KeyPress from None: t=15.751060300011886, value=right, duration=0.15483319998020306>
16.2605 	EXP 	New trial (rep=2, index=3): <Trial 11 (3 in rep 2) data={'target_image': 'images/green_alien.png', 'cue_ori': 90, 'target_x': -0.5, 'condition': 'incongruent', 'answer': 'left', 'thisN': 11, 'thisTrialN': 3, 'thisRepN': 2}>
16.3412 	EXP 	fbimage: autoDraw = False
16.3412 	EXP 	cue: ori = np.float64(90.0)
16.3412 	EXP 	target: ori = np.float64(0.0)
16.3412 	EXP 	target: image = 'images/red_alien.png'
16.3412 	EXP 	cue: autoDraw = True
16.8561 	INFO 	Keyboard events cleared
16.8560 	EXP 	cue: autoDraw = False
16.8560 	EXP 	target: autoDraw = True
17.1947 	EXP 	Device response: <KeyPress from None: t=17.190759099990828, value=left, duration=None>
17.2334 	DATA 	Keypress: left
17.2396 	EXP 	cue: autoDraw = False
17.2396 	EXP 	target: autoDraw = False
17.2396 	EXP 	fbimage: image = 'images/star.png'
17.2396 	EXP 	fbimage: autoDraw = True
17.3605 	EXP 	Device response: <KeyPress from None: t=17.190759099990828, value=left, duration=0.16937440002220683>
17.7112 	EXP 	New trial (rep=3, index=0): <Trial 12 (0 in rep 3) data={'target_image': 'images/green_alien.png', 'cue_ori': 90, 'target_x': -0.5, 'condition': 'incongruent', 'answer': 'left', 'thisN': 12, 'thisTrialN': 0, 'thisRepN': 3}>
17.8407 	EXP 	fbimage: autoDraw = False
17.8407 	EXP 	cue: ori = np.float64(90.0)
17.8407 	EXP 	target: ori = np.float64(0.0)
17.8407 	EXP 	target: image = 'images/green_alien.png'
17.8407 	EXP 	cue: autoDraw = True
18.3063 	INFO 	Keyboard events cleared
18.3062 	EXP 	target: autoDraw = True
18.3562 	EXP 	cue: autoDraw = False
18.7454 	EXP 	Device response: <KeyPress from None: t=18.73517770000035, value=left, duration=None>
18.7640 	DATA 	Keypress: left
18.7727 	EXP 	cue: autoDraw = False
18.7727 	EXP 	target: autoDraw = False
18.7727 	EXP 	fbimage: image = 'images/star.png'
18.7727 	EXP 	fbimage: autoDraw = True
18.8949 	EXP 	Device response: <KeyPress from None: t=18.73517770000035, value=left, duration=0.15439539999351837>
19.2607 	EXP 	New trial (rep=3, index=1): <Trial 13 (1 in rep 3) data={'target_image': 'images/green_alien.png', 'cue_ori': 90, 'target_x': 0.5, 'condition': 'congruent', 'answer': 'right', 'thisN': 13, 'thisTrialN': 1, 'thisRepN': 3}>
19.3405 	EXP 	fbimage: autoDraw = False
19.3405 	EXP 	cue: ori = np.float64(90.0)
19.3405 	EXP 	target: ori = np.float64(0.0)
19.3405 	EXP 	target: image = 'images/green_alien.png'
19.3405 	EXP 	cue: autoDraw = True
19.8563 	INFO 	Keyboard events cleared
19.8562 	EXP 	cue: autoDraw = False
19.8562 	EXP 	target: autoDraw = True
20.2775 	EXP 	Device response: <KeyPress from None: t=20.275320499989903, value=right, duration=None>
20.2948 	DATA 	Keypress: right
20.3065 	EXP 	cue: autoDraw = False
20.3065 	EXP 	target: autoDraw = False
20.3065 	EXP 	fbimage: image = 'images/star.png'
20.3065 	EXP 	fbimage: autoDraw = True
20.4275 	EXP 	Device response: <KeyPress from None: t=20.275320499989903, value=right, duration=0.14858900001854636>
20.7793 	EXP 	New trial (rep=3, index=2): <Trial 14 (2 in rep 3) data={'target_image': 'images/green_alien.png', 'cue_ori': 270, 'target_x': -0.5, 'condition': 'congruent', 'answer': 'left', 'thisN': 14, 'thisTrialN': 2, 'thisRepN': 3}>
20.8580 	EXP 	fbimage: autoDraw = False
20.8580 	EXP 	cue: ori = np.float64(270.0)
20.8580 	EXP 	target: ori = np.float64(0.0)
20.8580 	EXP 	target: image = 'images/green_alien.png'
20.8580 	EXP 	cue: autoDraw = True
21.3731 	EXP 	cue: autoDraw = False
21.3899 	INFO 	Keyboard events cleared
21.3898 	EXP 	target: autoDraw = True
21.5928 	EXP 	Device response: <KeyPress from None: t=21.57963719998952, value=left, duration=None>
21.6068 	DATA 	Keypress: left
21.6230 	EXP 	cue: autoDraw = False
21.6230 	EXP 	target: autoDraw = False
21.6230 	EXP 	fbimage: image = 'images/star.png'
21.6230 	EXP 	fbimage: autoDraw = True
21.7438 	EXP 	Device response: <KeyPress from None: t=21.57963719998952, value=left, duration=0.15464390002307482>
22.1104 	EXP 	New trial (rep=3, index=3): <Trial 15 (3 in rep 3) data={'target_image': 'images/green_alien.png', 'cue_ori': 270, 'target_x': 0.5, 'condition': 'incongruent', 'answer': 'right', 'thisN': 15, 'thisTrialN': 3, 'thisRepN': 3}>
22.1745 	EXP 	fbimage: autoDraw = False
22.1745 	EXP 	cue: ori = np.float64(270.0)
22.1745 	EXP 	target: ori = np.float64(0.0)
22.1745 	EXP 	target: image = 'images/green_alien.png'
22.1745 	EXP 	cue: autoDraw = True
22.7138 	INFO 	Keyboard events cleared
22.7133 	EXP 	cue: autoDraw = False
22.7133 	EXP 	target: autoDraw = True
23.0360 	DATA 	Keypress: left
23.0659 	EXP 	Device response: <KeyPress from None: t=23.03513179998845, value=left, duration=None>
23.1416 	EXP 	cue: autoDraw = False
23.1416 	EXP 	target: autoDraw = False
23.1416 	EXP 	fbimage: image = 'images/asteroid.png'
23.1416 	EXP 	fbimage: autoDraw = True
23.1633 	EXP 	Device response: <KeyPress from None: t=23.03513179998845, value=left, duration=0.12374260000069626>
23.5779 	EXP 	New trial (rep=4, index=0): <Trial 16 (0 in rep 4) data={'target_image': 'images/green_alien.png', 'cue_ori': 90, 'target_x': -0.5, 'condition': 'incongruent', 'answer': 'left', 'thisN': 16, 'thisTrialN': 0, 'thisRepN': 4}>
23.6749 	EXP 	fbimage: autoDraw = False
23.6749 	EXP 	cue: ori = np.float64(90.0)
23.6749 	EXP 	target: ori = np.float64(0.0)
23.6749 	EXP 	target: image = 'images/red_alien.png'
23.6749 	EXP 	cue: autoDraw = True
24.1740 	INFO 	Keyboard events cleared
24.1739 	EXP 	target: autoDraw = True
24.1905 	EXP 	cue: autoDraw = False
24.5095 	EXP 	Device response: <KeyPress from None: t=24.49899320001714, value=left, duration=None>
24.5388 	DATA 	Keypress: left
24.5571 	EXP 	cue: autoDraw = False
24.5571 	EXP 	target: autoDraw = False
24.5571 	EXP 	fbimage: image = 'images/star.png'
24.5571 	EXP 	fbimage: autoDraw = True
24.6430 	EXP 	Device response: <KeyPress from None: t=24.49899320001714, value=left, duration=0.12933369999518618>
25.0109 	EXP 	New trial (rep=4, index=1): <Trial 17 (1 in rep 4) data={'target_image': 'images/green_alien.png', 'cue_ori': 270, 'target_x': -0.5, 'condition': 'congruent', 'answer': 'left', 'thisN': 17, 'thisTrialN': 1, 'thisRepN': 4}>
25.0744 	EXP 	fbimage: autoDraw = False
25.0744 	EXP 	cue: ori = np.float64(270.0)
25.0744 	EXP 	target: ori = np.float64(0.0)
25.0744 	EXP 	target: image = 'images/red_alien.png'
25.0744 	EXP 	cue: autoDraw = True
25.5740 	EXP 	cue: autoDraw = False
25.6239 	INFO 	Keyboard events cleared
25.6237 	EXP 	target: autoDraw = True
25.9774 	EXP 	Device response: <KeyPress from None: t=25.963563800003612, value=left, duration=None>
25.9920 	DATA 	Keypress: left
26.0065 	EXP 	cue: autoDraw = False
26.0065 	EXP 	target: autoDraw = False
26.0065 	EXP 	fbimage: image = 'images/star.png'
26.0065 	EXP 	fbimage: autoDraw = True
26.1276 	EXP 	Device response: <KeyPress from None: t=25.963563800003612, value=left, duration=0.15464759999304079>
26.4941 	EXP 	New trial (rep=4, index=2): <Trial 18 (2 in rep 4) data={'target_image': 'images/green_alien.png', 'cue_ori': 90, 'target_x': 0.5, 'condition': 'congruent', 'answer': 'right', 'thisN': 18, 'thisTrialN': 2, 'thisRepN': 4}>
26.6080 	EXP 	fbimage: autoDraw = False
26.6080 	EXP 	cue: ori = np.float64(90.0)
26.6080 	EXP 	target: ori = np.float64(0.0)
26.6080 	EXP 	target: image = 'images/green_alien.png'
26.6080 	EXP 	cue: autoDraw = True
27.0904 	INFO 	Keyboard events cleared
27.0903 	EXP 	target: autoDraw = True
27.1227 	EXP 	cue: autoDraw = False
27.2604 	EXP 	Device response: <KeyPress from None: t=27.249662000016542, value=right, duration=None>
27.2745 	DATA 	Keypress: right
27.2899 	EXP 	cue: autoDraw = False
27.2899 	EXP 	target: autoDraw = False
27.2899 	EXP 	fbimage: image = 'images/star.png'
27.2899 	EXP 	fbimage: autoDraw = True
27.4268 	EXP 	Device response: <KeyPress from None: t=27.249662000016542, value=right, duration=0.17350939998868853>
27.7607 	EXP 	New trial (rep=4, index=3): <Trial 19 (3 in rep 4) data={'target_image': 'images/green_alien.png', 'cue_ori': 270, 'target_x': 0.5, 'condition': 'incongruent', 'answer': 'right', 'thisN': 19, 'thisTrialN': 3, 'thisRepN': 4}>
27.8755 	EXP 	fbimage: autoDraw = False
27.8755 	EXP 	cue: ori = np.float64(270.0)
27.8755 	EXP 	target: ori = np.float64(0.0)
27.8755 	EXP 	target: image = 'images/red_alien.png'
27.8755 	EXP 	cue: autoDraw = True
28.3741 	INFO 	Keyboard events cleared
28.3739 	EXP 	target: autoDraw = True
28.3906 	EXP 	cue: autoDraw = False
28.5300 	EXP 	Device response: <KeyPress from None: t=28.51926810000441, value=left, duration=None>
28.5859 	DATA 	Keypress: left
28.6069 	EXP 	cue: autoDraw = False
28.6069 	EXP 	target: autoDraw = False
28.6069 	EXP 	fbimage: image = 'images/asteroid.png'
28.6069 	EXP 	fbimage: autoDraw = True
28.6602 	EXP 	Device response: <KeyPress from None: t=28.51926810000441, value=left, duration=0.13925050001125783>
29.0469 	EXP 	New trial (rep=0, index=1): <Trial 1 (1 in rep 0) data={'block_file': 'spreadsheets/red_alien_block.xlsx', 'thisN': 1, 'thisTrialN': 1, 'thisRepN': 0}>
29.0770 	DEBUG 	Read excel file with openpyxl: spreadsheets/red_alien_block.xlsx
29.0776 	EXP 	Imported spreadsheets/red_alien_block.xlsx as conditions, 4 conditions, 5 params
29.0781 	EXP 	New trial (rep=0, index=0): <Trial 0 (0 in rep 0) data={'target_image': 'images/red_alien.png', 'cue_ori': 90, 'target_x': 0.5, 'condition': 'congruent', 'answer': 'right', 'thisN': 0, 'thisTrialN': 0, 'thisRepN': 0}>
29.1425 	EXP 	fbimage: autoDraw = False
29.1425 	EXP 	cue: ori = np.float64(90.0)
29.1425 	EXP 	target: ori = np.float64(0.0)
29.1425 	EXP 	target: image = 'images/red_alien.png'
29.1425 	EXP 	cue: autoDraw = True
29.6408 	INFO 	Keyboard events cleared
29.6407 	EXP 	target: autoDraw = True
29.6571 	EXP 	cue: autoDraw = False
29.9614 	EXP 	Device response: <KeyPress from None: t=29.95890659998986, value=right, duration=None>
30.0000 	DATA 	Keypress: right
30.0066 	EXP 	cue: autoDraw = False
30.0066 	EXP 	target: autoDraw = False
30.0066 	EXP 	fbimage: image = 'images/star.png'
30.0066 	EXP 	fbimage: autoDraw = True
30.2270 	EXP 	Device response: <KeyPress from None: t=29.95890659998986, value=right, duration=0.2600628000218421>
30.4767 	EXP 	New trial (rep=0, index=1): <Trial 1 (1 in rep 0) data={'target_image': 'images/red_alien.png', 'cue_ori': 270, 'target_x': -0.5, 'condition': 'congruent', 'answer': 'left', 'thisN': 1, 'thisTrialN': 1, 'thisRepN': 0}>
30.5912 	EXP 	fbimage: autoDraw = False
30.5912 	EXP 	cue: ori = np.float64(270.0)
30.5912 	EXP 	target: ori = np.float64(0.0)
30.5912 	EXP 	target: image = 'images/green_alien.png'
30.5912 	EXP 	cue: autoDraw = True
31.0745 	INFO 	Keyboard events cleared
31.0744 	EXP 	target: autoDraw = True
31.0908 	EXP 	cue: autoDraw = False
31.1629 	EXP 	Device response: <KeyPress from None: t=31.149577300006058, value=left, duration=None>
31.1863 	DATA 	Keypress: left
31.2068 	EXP 	cue: autoDraw = False
31.2068 	EXP 	target: autoDraw = False
31.2068 	EXP 	fbimage: image = 'images/star.png'
31.2068 	EXP 	fbimage: autoDraw = True
31.2806 	EXP 	Device response: <KeyPress from None: t=31.149577300006058, value=left, duration=0.12566610000794753>
31.6774 	EXP 	New trial (rep=0, index=2): <Trial 2 (2 in rep 0) data={'target_image': 'images/red_alien.png', 'cue_ori': 270, 'target_x': 0.5, 'condition': 'incongruent', 'answer': 'right', 'thisN': 2, 'thisTrialN': 2, 'thisRepN': 0}>
31.7577 	EXP 	fbimage: autoDraw = False
31.7577 	EXP 	cue: ori = np.float64(270.0)
31.7577 	EXP 	target: ori = np.float64(0.0)
31.7577 	EXP 	target: image = 'images/green_alien.png'
31.7577 	EXP 	cue: autoDraw = True
32.2728 	INFO 	Keyboard events cleared
32.2727 	EXP 	cue: autoDraw = False
32.2727 	EXP 	target: autoDraw = True
32.5611 	EXP 	Device response: <KeyPress from None: t=32.55932739999844, value=right, duration=None>
32.5776 	EXP 	Device response: <KeyPress from None: t=32.57456780000939, value=left, duration=None>
32.5787 	DATA 	Keypress: right
32.5789 	DATA 	Keypress: left
32.5894 	EXP 	cue: autoDraw = False
32.5894 	EXP 	target: autoDraw = False
32.5894 	EXP 	fbimage: image = 'images/star.png'
32.5894 	EXP 	fbimage: autoDraw = True
32.6117 	EXP 	Device response: <KeyPress from None: t=32.57456780000939, value=left, duration=0.024466899980325252>
32.7434 	EXP 	Device response: <KeyPress from None: t=32.55932739999844, value=right, duration=0.1743490000080783>
33.0775 	EXP 	New trial (rep=0, index=3): <Trial 3 (3 in rep 0) data={'target_image': 'images/red_alien.png', 'cue_ori': 90, 'target_x': -0.5, 'condition': 'incongruent', 'answer': 'left', 'thisN': 3, 'thisTrialN': 3, 'thisRepN': 0}>
33.1586 	EXP 	fbimage: autoDraw = False
33.1586 	EXP 	cue: ori = np.float64(90.0)
33.1586 	EXP 	target: ori = np.float64(0.0)
33.1586 	EXP 	target: image = 'images/green_alien.png'
33.1586 	EXP 	cue: autoDraw = True
33.6733 	INFO 	Keyboard events cleared
33.6731 	EXP 	cue: autoDraw = False
33.6731 	EXP 	target: autoDraw = True
34.0615 	EXP 	Device response: <KeyPress from None: t=34.048876699991524, value=right, duration=None>
34.1061 	DATA 	Keypress: right
34.1237 	EXP 	cue: autoDraw = False
34.1237 	EXP 	target: autoDraw = False
34.1237 	EXP 	fbimage: image = 'images/asteroid.png'
34.1237 	EXP 	fbimage: autoDraw = True
34.1608 	EXP 	Device response: <KeyPress from None: t=34.048876699991524, value=right, duration=0.09955210000043735>
34.5776 	EXP 	New trial (rep=1, index=0): <Trial 4 (0 in rep 1) data={'target_image': 'images/red_alien.png', 'cue_ori': 270, 'target_x': 0.5, 'condition': 'incongruent', 'answer': 'right', 'thisN': 4, 'thisTrialN': 0, 'thisRepN': 1}>
34.6577 	EXP 	fbimage: autoDraw = False
34.6577 	EXP 	cue: ori = np.float64(270.0)
34.6577 	EXP 	target: ori = np.float64(0.0)
34.6577 	EXP 	target: image = 'images/green_alien.png'
34.6577 	EXP 	cue: autoDraw = True
35.1730 	INFO 	Keyboard events cleared
35.1729 	EXP 	cue: autoDraw = False
35.1729 	EXP 	target: autoDraw = True
35.3117 	EXP 	Device response: <KeyPress from None: t=35.30444599999464, value=left, duration=None>
35.3369 	DATA 	Keypress: left
35.3562 	EXP 	cue: autoDraw = False
35.3562 	EXP 	target: autoDraw = False
35.3562 	EXP 	fbimage: image = 'images/asteroid.png'
35.3562 	EXP 	fbimage: autoDraw = True
35.4273 	EXP 	Device response: <KeyPress from None: t=35.30444599999464, value=left, duration=0.11428670000168495>
35.8270 	EXP 	New trial (rep=1, index=1): <Trial 5 (1 in rep 1) data={'target_image': 'images/red_alien.png', 'cue_ori': 90, 'target_x': -0.5, 'condition': 'incongruent', 'answer': 'left', 'thisN': 5, 'thisTrialN': 1, 'thisRepN': 1}>
35.8917 	EXP 	fbimage: autoDraw = False
35.8917 	EXP 	cue: ori = np.float64(90.0)
35.8917 	EXP 	target: ori = np.float64(0.0)
35.8917 	EXP 	target: image = 'images/green_alien.png'
35.8917 	EXP 	cue: autoDraw = True
36.4060 	EXP 	cue: autoDraw = False
36.4231 	INFO 	Keyboard events cleared
36.4230 	EXP 	target: autoDraw = True
36.4929 	EXP 	Device response: <KeyPress from None: t=36.48497009999119, value=right, duration=None>
36.5162 	DATA 	Keypress: right
36.5231 	EXP 	cue: autoDraw = False
36.5231 	EXP 	target: autoDraw = False
36.5231 	EXP 	fbimage: image = 'images/asteroid.png'
36.5231 	EXP 	fbimage: autoDraw = True
36.5788 	EXP 	Device response: <KeyPress from None: t=36.48497009999119, value=right, duration=0.08964540000306442>
36.9934 	EXP 	New trial (rep=1, index=2): <Trial 6 (2 in rep 1) data={'target_image': 'images/red_alien.png', 'cue_ori': 90, 'target_x': 0.5, 'condition': 'congruent', 'answer': 'right', 'thisN': 6, 'thisTrialN': 2, 'thisRepN': 1}>
37.1082 	EXP 	fbimage: autoDraw = False
37.1082 	EXP 	cue: ori = np.float64(90.0)
37.1082 	EXP 	target: ori = np.float64(0.0)
37.1082 	EXP 	target: image = 'images/red_alien.png'
37.1082 	EXP 	cue: autoDraw = True
37.4100 	EXP 	Device response: <KeyPress from None: t=37.40184850001242, value=right, duration=None>
37.4107 	DATA 	Keypress: right
37.5104 	EXP 	Device response: <KeyPress from None: t=37.40184850001242, value=right, duration=0.10447669998393394>
37.6063 	INFO 	Keyboard events cleared
37.6062 	EXP 	target: autoDraw = True
37.6235 	EXP 	cue: autoDraw = False
37.9098 	EXP 	Device response: <KeyPress from None: t=37.90525760001037, value=right, duration=None>
37.9401 	DATA 	Keypress: right
37.9570 	EXP 	cue: autoDraw = False
37.9570 	EXP 	target: autoDraw = False
37.9570 	EXP 	fbimage: image = 'images/star.png'
37.9570 	EXP 	fbimage: autoDraw = True
37.9773 	EXP 	Device response: <KeyPress from None: t=37.90525760001037, value=right, duration=0.06437109998660162>
38.3108 	EXP 	Device response: <KeyPress from None: t=38.30819400001201, value=right, duration=None>
38.3118 	DATA 	Keypress: right
38.3765 	EXP 	Device response: <KeyPress from None: t=38.30819400001201, value=right, duration=0.06476559999282472>
38.4271 	EXP 	New trial (rep=1, index=3): <Trial 7 (3 in rep 1) data={'target_image': 'images/red_alien.png', 'cue_ori': 270, 'target_x': -0.5, 'condition': 'congruent', 'answer': 'left', 'thisN': 7, 'thisTrialN': 3, 'thisRepN': 1}>
38.5417 	EXP 	fbimage: autoDraw = False
38.5417 	EXP 	cue: ori = np.float64(270.0)
38.5417 	EXP 	target: ori = np.float64(0.0)
38.5417 	EXP 	target: image = 'images/green_alien.png'
38.5417 	EXP 	cue: autoDraw = True
38.6813 	EXP 	Device response: <KeyPress from None: t=38.66707130000577, value=right, duration=None>
38.6824 	DATA 	Keypress: right
38.7690 	EXP 	Device response: <KeyPress from None: t=38.66707130000577, value=right, duration=0.08478760000434704>
39.0449 	EXP 	Device response: <KeyPress from None: t=39.041216899990104, value=right, duration=None>
39.0498 	DATA 	Keypress: right
39.0592 	INFO 	Keyboard events cleared
39.0589 	EXP 	cue: autoDraw = False
39.0589 	EXP 	target: autoDraw = True
39.1083 	EXP 	Device response: <KeyPress from None: t=39.041216899990104, value=right, duration=0.06468550002318807>
39.4143 	EXP 	Device response: <KeyPress from None: t=39.404418199992506, value=right, duration=None>
39.4740 	EXP 	Device response: <KeyPress from None: t=39.404418199992506, value=right, duration=0.059759900002973154>
39.4765 	DATA 	Keypress: right
39.4913 	EXP 	cue: autoDraw = False
39.4913 	EXP 	target: autoDraw = False
39.4913 	EXP 	fbimage: image = 'images/asteroid.png'
39.4913 	EXP 	fbimage: autoDraw = True
39.7612 	EXP 	Device response: <KeyPress from None: t=39.74794910001219, value=right, duration=None>
39.7619 	DATA 	Keypress: right
39.8103 	EXP 	Device response: <KeyPress from None: t=39.74794910001219, value=right, duration=0.05497189998277463>
39.9267 	EXP 	New trial (rep=2, index=0): <Trial 8 (0 in rep 2) data={'target_image': 'images/red_alien.png', 'cue_ori': 270, 'target_x': -0.5, 'condition': 'congruent', 'answer': 'left', 'thisN': 8, 'thisTrialN': 0, 'thisRepN': 2}>
40.0411 	EXP 	fbimage: autoDraw = False
40.0411 	EXP 	cue: ori = np.float64(270.0)
40.0411 	EXP 	target: ori = np.float64(0.0)
40.0411 	EXP 	target: image = 'images/red_alien.png'
40.0411 	EXP 	cue: autoDraw = True
40.4441 	EXP 	Device response: <KeyPress from None: t=40.435492499993416, value=right, duration=None>
40.4448 	DATA 	Keypress: right
40.4936 	EXP 	Device response: <KeyPress from None: t=40.435492499993416, value=right, duration=0.049731000006431714>
40.5230 	INFO 	Keyboard events cleared
40.5229 	EXP 	target: autoDraw = True
40.5564 	EXP 	cue: autoDraw = False
40.7769 	EXP 	Device response: <KeyPress from None: t=40.769322500011185, value=right, duration=None>
40.7990 	DATA 	Keypress: right
40.8066 	EXP 	cue: autoDraw = False
40.8066 	EXP 	target: autoDraw = False
40.8066 	EXP 	fbimage: image = 'images/asteroid.png'
40.8066 	EXP 	fbimage: autoDraw = True
40.8446 	EXP 	Device response: <KeyPress from None: t=40.769322500011185, value=right, duration=0.07458250000490807>
41.1439 	EXP 	Device response: <KeyPress from None: t=41.12800699999207, value=right, duration=None>
41.1447 	DATA 	Keypress: right
41.2109 	EXP 	Device response: <KeyPress from None: t=41.12800699999207, value=right, duration=0.0704367000143975>
41.2802 	EXP 	New trial (rep=2, index=1): <Trial 9 (1 in rep 2) data={'target_image': 'images/red_alien.png', 'cue_ori': 270, 'target_x': 0.5, 'condition': 'incongruent', 'answer': 'right', 'thisN': 9, 'thisTrialN': 1, 'thisRepN': 2}>
41.3579 	EXP 	fbimage: autoDraw = False
41.3579 	EXP 	cue: ori = np.float64(270.0)
41.3579 	EXP 	target: ori = np.float64(0.0)
41.3579 	EXP 	target: image = 'images/red_alien.png'
41.3579 	EXP 	cue: autoDraw = True
41.4778 	EXP 	Device response: <KeyPress from None: t=41.47666760001448, value=right, duration=None>
41.4786 	DATA 	Keypress: right
41.5606 	EXP 	Device response: <KeyPress from None: t=41.47666760001448, value=right, duration=0.06962169997859746>
41.8440 	EXP 	Device response: <KeyPress from None: t=41.84042799999588, value=right, duration=None>
41.8448 	DATA 	Keypress: right
41.8729 	EXP 	cue: autoDraw = False
41.8896 	INFO 	Keyboard events cleared
41.8895 	EXP 	target: autoDraw = True
41.9107 	EXP 	Device response: <KeyPress from None: t=41.84042799999588, value=right, duration=0.05954519999795593>
42.1805 	EXP 	Device response: <KeyPress from None: t=42.17996440001298, value=right, duration=None>
42.2193 	DATA 	Keypress: right
42.2405 	EXP 	cue: autoDraw = False
42.2405 	EXP 	target: autoDraw = False
42.2405 	EXP 	fbimage: image = 'images/star.png'
42.2405 	EXP 	fbimage: autoDraw = True
42.2612 	EXP 	Device response: <KeyPress from None: t=42.17996440001298, value=right, duration=0.06874509999761358>
42.5436 	EXP 	Device response: <KeyPress from None: t=42.532899699988775, value=right, duration=None>
42.5444 	DATA 	Keypress: right
42.6097 	EXP 	Device response: <KeyPress from None: t=42.532899699988775, value=right, duration=0.06453430000692606>
42.6932 	EXP 	New trial (rep=2, index=2): <Trial 10 (2 in rep 2) data={'target_image': 'images/red_alien.png', 'cue_ori': 90, 'target_x': 0.5, 'condition': 'congruent', 'answer': 'right', 'thisN': 10, 'thisTrialN': 2, 'thisRepN': 2}>
42.8078 	EXP 	fbimage: autoDraw = False
42.8078 	EXP 	cue: ori = np.float64(90.0)
42.8078 	EXP 	target: ori = np.float64(0.0)
42.8078 	EXP 	target: image = 'images/green_alien.png'
42.8078 	EXP 	cue: autoDraw = True
42.8941 	EXP 	Device response: <KeyPress from None: t=42.886585700005526, value=right, duration=None>
42.8949 	DATA 	Keypress: right
42.9445 	EXP 	Device response: <KeyPress from None: t=42.886585700005526, value=right, duration=0.0550533999921754>
43.2608 	EXP 	Device response: <KeyPress from None: t=43.24518580001313, value=right, duration=None>
43.2616 	DATA 	Keypress: right
43.2902 	INFO 	Keyboard events cleared
43.2900 	EXP 	target: autoDraw = True
43.3227 	EXP 	cue: autoDraw = False
43.5599 	EXP 	Device response: <KeyPress from None: t=43.55411769999773, value=right, duration=None>
43.5765 	DATA 	Keypress: right
43.5894 	EXP 	cue: autoDraw = False
43.5894 	EXP 	target: autoDraw = False
43.5894 	EXP 	fbimage: image = 'images/star.png'
43.5894 	EXP 	fbimage: autoDraw = True
43.6267 	EXP 	Device response: <KeyPress from None: t=43.24518580001313, value=right, duration=0.36855389998527244>
43.9120 	EXP 	Device response: <KeyPress from None: t=43.903006600012304, value=right, duration=None>
43.9132 	DATA 	Keypress: right
43.9787 	EXP 	Device response: <KeyPress from None: t=43.55411769999773, value=right, duration=0.4083556999976281>
44.0611 	EXP 	New trial (rep=2, index=3): <Trial 11 (3 in rep 2) data={'target_image': 'images/red_alien.png', 'cue_ori': 90, 'target_x': -0.5, 'condition': 'incongruent', 'answer': 'left', 'thisN': 11, 'thisTrialN': 3, 'thisRepN': 2}>
44.1907 	EXP 	fbimage: autoDraw = False
44.1907 	EXP 	cue: ori = np.float64(90.0)
44.1907 	EXP 	target: ori = np.float64(0.0)
44.1907 	EXP 	target: image = 'images/red_alien.png'
44.1907 	EXP 	cue: autoDraw = True
44.2272 	EXP 	Device response: <KeyPress from None: t=44.217658700014, value=right, duration=None>
44.2280 	DATA 	Keypress: right
44.2772 	EXP 	Device response: <KeyPress from None: t=43.903006600012304, value=right, duration=0.36839239997789264>
44.5609 	EXP 	Device response: <KeyPress from None: t=44.550450200011255, value=right, duration=None>
44.5618 	DATA 	Keypress: right
44.6117 	EXP 	Device response: <KeyPress from None: t=44.217658700014, value=right, duration=0.38806289999047294>
44.6733 	INFO 	Keyboard events cleared
44.6732 	EXP 	target: autoDraw = True
44.6905 	EXP 	cue: autoDraw = False
44.8597 	EXP 	Device response: <KeyPress from None: t=44.849346600007266, value=right, duration=None>
44.8975 	DATA 	Keypress: right
44.9067 	EXP 	cue: autoDraw = False
44.9067 	EXP 	target: autoDraw = False
44.9067 	EXP 	fbimage: image = 'images/asteroid.png'
44.9067 	EXP 	fbimage: autoDraw = True
44.9103 	EXP 	Device response: <KeyPress from None: t=44.550450200011255, value=right, duration=0.358600799983833>
45.1967 	EXP 	Device response: <KeyPress from None: t=45.194073499995284, value=right, duration=None>
45.1977 	DATA 	Keypress: right
45.2633 	EXP 	Device response: <KeyPress from None: t=44.849346600007266, value=right, duration=0.3985612999822479>
45.3637 	EXP 	New trial (rep=3, index=0): <Trial 12 (0 in rep 3) data={'target_image': 'images/red_alien.png', 'cue_ori': 270, 'target_x': -0.5, 'condition': 'congruent', 'answer': 'left', 'thisN': 12, 'thisTrialN': 0, 'thisRepN': 3}>
45.5081 	EXP 	fbimage: autoDraw = False
45.5081 	EXP 	cue: ori = np.float64(270.0)
45.5081 	EXP 	target: ori = np.float64(0.0)
45.5081 	EXP 	target: image = 'images/green_alien.png'
45.5081 	EXP 	cue: autoDraw = True
45.5768 	EXP 	Device response: <KeyPress from None: t=45.56177570001455, value=right, duration=None>
45.5775 	DATA 	Keypress: right
45.5936 	EXP 	Device response: <KeyPress from None: t=45.194073499995284, value=right, duration=0.3974884000199381>
45.9730 	INFO 	Keyboard events cleared
45.9729 	EXP 	target: autoDraw = True
46.0229 	EXP 	cue: autoDraw = False
46.2096 	EXP 	Device response: <KeyPress from None: t=46.195251400000416, value=right, duration=None>
46.2283 	DATA 	Keypress: right
46.2399 	EXP 	cue: autoDraw = False
46.2399 	EXP 	target: autoDraw = False
46.2399 	EXP 	fbimage: image = 'images/asteroid.png'
46.2399 	EXP 	fbimage: autoDraw = True
46.2434 	EXP 	Device response: <KeyPress from None: t=45.56177570001455, value=right, duration=0.6725612999871373>
46.5117 	EXP 	Device response: <KeyPress from None: t=46.50368180000805, value=right, duration=None>
46.5128 	DATA 	Keypress: right
46.5783 	EXP 	Device response: <KeyPress from None: t=46.195251400000416, value=right, duration=0.37308459999621846>
46.7112 	EXP 	New trial (rep=3, index=1): <Trial 13 (1 in rep 3) data={'target_image': 'images/red_alien.png', 'cue_ori': 270, 'target_x': 0.5, 'condition': 'incongruent', 'answer': 'right', 'thisN': 13, 'thisTrialN': 1, 'thisRepN': 3}>
46.7926 	EXP 	fbimage: autoDraw = False
46.7926 	EXP 	cue: ori = np.float64(270.0)
46.7926 	EXP 	target: ori = np.float64(0.0)
46.7926 	EXP 	target: image = 'images/green_alien.png'
46.7926 	EXP 	cue: autoDraw = True
46.8432 	EXP 	Device response: <KeyPress from None: t=46.84210919999168, value=right, duration=None>
46.8442 	DATA 	Keypress: right
46.9098 	EXP 	Device response: <KeyPress from None: t=46.50368180000805, value=right, duration=0.39823120000073686>
47.1604 	EXP 	Device response: <KeyPress from None: t=47.156874300009804, value=right, duration=None>
47.1611 	DATA 	Keypress: right
47.2284 	EXP 	Device response: <KeyPress from None: t=46.84210919999168, value=right, duration=0.37477260001469404>
47.3073 	EXP 	cue: autoDraw = False
47.3245 	INFO 	Keyboard events cleared
47.3243 	EXP 	target: autoDraw = True
47.4873 	EXP 	Device response: <KeyPress from None: t=47.47018850001041, value=right, duration=None>
47.5858 	EXP 	Device response: <KeyPress from None: t=47.156874300009804, value=right, duration=0.3584036999964155>
47.5935 	DATA 	Keypress: right
47.6213 	EXP 	cue: autoDraw = False
47.6213 	EXP 	target: autoDraw = False
47.6213 	EXP 	fbimage: image = 'images/star.png'
47.6213 	EXP 	fbimage: autoDraw = True
47.7876 	EXP 	Device response: <KeyPress from None: t=47.760276799992425, value=right, duration=None>
47.7924 	DATA 	Keypress: right
47.8518 	EXP 	Device response: <KeyPress from None: t=47.47018850001041, value=right, duration=0.3612012999947183>
48.0347 	EXP 	New trial (rep=3, index=2): <Trial 14 (2 in rep 3) data={'target_image': 'images/red_alien.png', 'cue_ori': 90, 'target_x': 0.5, 'condition': 'congruent', 'answer': 'right', 'thisN': 14, 'thisTrialN': 2, 'thisRepN': 3}>
48.2560 	EXP 	Device response: <KeyPress from None: t=48.07920949999243, value=right, duration=None>
48.2561 	EXP 	Device response: <KeyPress from None: t=47.760276799992425, value=right, duration=0.39346270001260564>
48.2581 	DATA 	Keypress: right
48.2761 	EXP 	fbimage: autoDraw = False
48.2761 	EXP 	cue: ori = np.float64(90.0)
48.2761 	EXP 	target: ori = np.float64(0.0)
48.2761 	EXP 	target: image = 'images/red_alien.png'
48.2761 	EXP 	cue: autoDraw = True
48.3823 	DATA 	Keypress: right
48.3975 	EXP 	Device response: <KeyPress from None: t=48.381749899999704, value=right, duration=None>
48.4944 	EXP 	Device response: <KeyPress from None: t=48.07920949999243, value=right, duration=0.40181170002324507>
48.5905 	INFO 	Keyboard events cleared
48.5903 	EXP 	target: autoDraw = True
48.7278 	EXP 	Device response: <KeyPress from None: t=48.72527009999612, value=right, duration=None>
48.7443 	DATA 	Keypress: right
48.7563 	EXP 	cue: autoDraw = False
48.7563 	EXP 	target: autoDraw = False
48.7563 	EXP 	fbimage: image = 'images/star.png'
48.7563 	EXP 	fbimage: autoDraw = True
48.7961 	EXP 	Device response: <KeyPress from None: t=48.381749899999704, value=right, duration=0.4032094000140205>
49.0263 	EXP 	Device response: <KeyPress from None: t=49.01418540001032, value=right, duration=None>
49.0270 	DATA 	Keypress: right
49.0933 	EXP 	Device response: <KeyPress from None: t=48.72527009999612, value=right, duration=0.35855289999744855>
49.2444 	EXP 	New trial (rep=3, index=3): <Trial 15 (3 in rep 3) data={'target_image': 'images/red_alien.png', 'cue_ori': 90, 'target_x': -0.5, 'condition': 'incongruent', 'answer': 'left', 'thisN': 15, 'thisTrialN': 3, 'thisRepN': 3}>
49.3496 	EXP 	Device response: <KeyPress from None: t=49.348050200002035, value=right, duration=None>
49.3511 	DATA 	Keypress: right
49.3577 	EXP 	fbimage: autoDraw = False
49.3577 	EXP 	cue: ori = np.float64(90.0)
49.3577 	EXP 	target: ori = np.float64(0.0)
49.3577 	EXP 	target: image = 'images/green_alien.png'
49.3577 	EXP 	cue: autoDraw = True
49.4266 	EXP 	Device response: <KeyPress from None: t=49.01418540001032, value=right, duration=0.39846399999805726>
49.6790 	EXP 	Device response: <KeyPress from None: t=49.67216849999386, value=right, duration=None>
49.6800 	DATA 	Keypress: right
49.7447 	EXP 	Device response: <KeyPress from None: t=49.348050200002035, value=right, duration=0.3834719000151381>
49.8400 	INFO 	Keyboard events cleared
49.8398 	EXP 	target: autoDraw = True
49.8731 	EXP 	cue: autoDraw = False
49.9938 	EXP 	Device response: <KeyPress from None: t=49.980697499995586, value=right, duration=None>
50.0373 	DATA 	Keypress: right
50.0581 	EXP 	cue: autoDraw = False
50.0581 	EXP 	target: autoDraw = False
50.0581 	EXP 	fbimage: image = 'images/asteroid.png'
50.0581 	EXP 	fbimage: autoDraw = True
50.0627 	EXP 	Device response: <KeyPress from None: t=49.67216849999386, value=right, duration=0.3732599000213668>
50.3104 	EXP 	Device response: <KeyPress from None: t=50.309522900002776, value=right, duration=None>
50.3116 	DATA 	Keypress: right
50.3614 	EXP 	Device response: <KeyPress from None: t=49.980697499995586, value=right, duration=0.37856700000702403>
50.4950 	EXP 	New trial (rep=4, index=0): <Trial 16 (0 in rep 4) data={'target_image': 'images/red_alien.png', 'cue_ori': 270, 'target_x': -0.5, 'condition': 'congruent', 'answer': 'left', 'thisN': 16, 'thisTrialN': 0, 'thisRepN': 4}>
50.6073 	EXP 	fbimage: autoDraw = False
50.6073 	EXP 	cue: ori = np.float64(270.0)
50.6073 	EXP 	target: ori = np.float64(0.0)
50.6073 	EXP 	target: image = 'images/red_alien.png'
50.6073 	EXP 	cue: autoDraw = True
50.6605 	EXP 	Device response: <KeyPress from None: t=50.64828260001377, value=right, duration=None>
50.6614 	DATA 	Keypress: right
50.6944 	EXP 	Device response: <KeyPress from None: t=50.309522900002776, value=right, duration=0.3785722999891732>
50.9448 	EXP 	Device response: <KeyPress from None: t=50.94223889999557, value=right, duration=None>
50.9456 	DATA 	Keypress: right
51.0137 	EXP 	Device response: <KeyPress from None: t=50.64828260001377, value=right, duration=0.3635821999923792>
51.1068 	INFO 	Keyboard events cleared
51.1067 	EXP 	target: autoDraw = True
51.1232 	EXP 	cue: autoDraw = False
51.3105 	EXP 	Device response: <KeyPress from None: t=51.29585940000834, value=right, duration=None>
51.3343 	DATA 	Keypress: right
51.3396 	EXP 	cue: autoDraw = False
51.3396 	EXP 	target: autoDraw = False
51.3396 	EXP 	fbimage: image = 'images/asteroid.png'
51.3396 	EXP 	fbimage: autoDraw = True
51.3779 	EXP 	Device response: <KeyPress from None: t=50.94223889999557, value=right, duration=0.4233091000060085>
51.6280 	EXP 	Device response: <KeyPress from None: t=51.61984780000057, value=right, duration=None>
51.6287 	DATA 	Keypress: right
51.6950 	EXP 	Device response: <KeyPress from None: t=51.29585940000834, value=right, duration=0.3885147999972105>
51.8276 	EXP 	New trial (rep=4, index=1): <Trial 17 (1 in rep 4) data={'target_image': 'images/red_alien.png', 'cue_ori': 90, 'target_x': -0.5, 'condition': 'incongruent', 'answer': 'left', 'thisN': 17, 'thisTrialN': 1, 'thisRepN': 4}>
51.9089 	EXP 	fbimage: autoDraw = False
51.9089 	EXP 	cue: ori = np.float64(90.0)
51.9089 	EXP 	target: ori = np.float64(0.0)
51.9089 	EXP 	target: image = 'images/red_alien.png'
51.9089 	EXP 	cue: autoDraw = True
51.9608 	EXP 	Device response: <KeyPress from None: t=51.95848450000631, value=right, duration=None>
51.9617 	DATA 	Keypress: right
52.0280 	EXP 	Device response: <KeyPress from None: t=51.61984780000057, value=right, duration=0.3933250000118278>
52.2932 	EXP 	Device response: <KeyPress from None: t=52.28228370001307, value=right, duration=None>
52.2940 	DATA 	Keypress: right
52.3614 	EXP 	Device response: <KeyPress from None: t=51.95848450000631, value=right, duration=0.3884620000026189>
52.4232 	INFO 	Keyboard events cleared
52.4231 	EXP 	cue: autoDraw = False
52.4231 	EXP 	target: autoDraw = True
52.6282 	EXP 	Device response: <KeyPress from None: t=52.62111790000927, value=right, duration=None>
52.6572 	DATA 	Keypress: right
52.6731 	EXP 	cue: autoDraw = False
52.6731 	EXP 	target: autoDraw = False
52.6731 	EXP 	fbimage: image = 'images/asteroid.png'
52.6731 	EXP 	fbimage: autoDraw = True
52.6935 	EXP 	Device response: <KeyPress from None: t=52.28228370001307, value=right, duration=0.4034842999826651>
52.9437 	EXP 	Device response: <KeyPress from None: t=52.929977699997835, value=right, duration=None>
52.9445 	DATA 	Keypress: right
53.0112 	EXP 	Device response: <KeyPress from None: t=52.62111790000927, value=right, duration=0.37356149998959154>
53.1446 	EXP 	New trial (rep=4, index=2): <Trial 18 (2 in rep 4) data={'target_image': 'images/red_alien.png', 'cue_ori': 270, 'target_x': 0.5, 'condition': 'incongruent', 'answer': 'right', 'thisN': 18, 'thisTrialN': 2, 'thisRepN': 4}>
53.2626 	EXP 	Device response: <KeyPress from None: t=53.22894960001577, value=right, duration=None>
53.2642 	DATA 	Keypress: right
53.2742 	EXP 	fbimage: autoDraw = False
53.2742 	EXP 	cue: ori = np.float64(270.0)
53.2742 	EXP 	target: ori = np.float64(0.0)
53.2742 	EXP 	target: image = 'images/green_alien.png'
53.2742 	EXP 	cue: autoDraw = True
53.3113 	EXP 	Device response: <KeyPress from None: t=52.929977699997835, value=right, duration=0.36374550001346506>
53.5594 	EXP 	Device response: <KeyPress from None: t=53.54768759998842, value=right, duration=None>
53.5601 	DATA 	Keypress: right
53.6265 	EXP 	Device response: <KeyPress from None: t=53.22894960001577, value=right, duration=0.3883689999929629>
53.7399 	INFO 	Keyboard events cleared
53.7398 	EXP 	target: autoDraw = True
53.7902 	EXP 	cue: autoDraw = False
53.8767 	EXP 	Device response: <KeyPress from None: t=53.86153870000271, value=right, duration=None>
53.9070 	DATA 	Keypress: right
53.9235 	EXP 	cue: autoDraw = False
53.9235 	EXP 	target: autoDraw = False
53.9235 	EXP 	fbimage: image = 'images/star.png'
53.9235 	EXP 	fbimage: autoDraw = True
53.9272 	EXP 	Device response: <KeyPress from None: t=53.54768759998842, value=right, duration=0.3689891000103671>
54.1631 	EXP 	Device response: <KeyPress from None: t=54.15141140000196, value=right, duration=None>
54.1641 	DATA 	Keypress: right
54.2299 	EXP 	Device response: <KeyPress from None: t=53.86153870000271, value=right, duration=0.3537267000065185>
54.3800 	EXP 	New trial (rep=4, index=3): <Trial 19 (3 in rep 4) data={'target_image': 'images/red_alien.png', 'cue_ori': 90, 'target_x': 0.5, 'condition': 'congruent', 'answer': 'right', 'thisN': 19, 'thisTrialN': 3, 'thisRepN': 4}>
54.5085 	EXP 	Device response: <KeyPress from None: t=54.46523239999078, value=right, duration=None>
54.5102 	DATA 	Keypress: right
54.5257 	EXP 	fbimage: autoDraw = False
54.5257 	EXP 	cue: ori = np.float64(90.0)
54.5257 	EXP 	target: ori = np.float64(0.0)
54.5257 	EXP 	target: image = 'images/red_alien.png'
54.5257 	EXP 	cue: autoDraw = True
54.5307 	EXP 	Device response: <KeyPress from None: t=54.15141140000196, value=right, duration=0.3678954000060912>
54.7607 	EXP 	Device response: <KeyPress from None: t=54.758276100008516, value=right, duration=None>
54.7614 	DATA 	Keypress: right
54.8266 	EXP 	Device response: <KeyPress from None: t=54.46523239999078, value=right, duration=0.3527427000226453>
54.9899 	INFO 	Keyboard events cleared
54.9898 	EXP 	target: autoDraw = True
55.0403 	EXP 	cue: autoDraw = False
55.0607 	EXP 	Device response: <KeyPress from None: t=55.057339899998624, value=right, duration=None>
55.0741 	DATA 	Keypress: right
55.0895 	EXP 	cue: autoDraw = False
55.0895 	EXP 	target: autoDraw = False
55.0895 	EXP 	fbimage: image = 'images/star.png'
55.0895 	EXP 	fbimage: autoDraw = True
55.1265 	EXP 	Device response: <KeyPress from None: t=54.758276100008516, value=right, duration=0.35449219998554327>
55.3606 	EXP 	Device response: <KeyPress from None: t=55.35640369998873, value=right, duration=None>
55.3613 	DATA 	Keypress: right
55.4272 	EXP 	Device response: <KeyPress from None: t=55.057339899998624, value=right, duration=0.36343910000869073>
55.5903 	EXP 	fbimage: autoDraw = False
55.5937 	EXP 	oct30exp: status = STOPPED
55.6216 	INFO 	saved data to 'C:\\Users\\psych\\Desktop\\posner experiment\\data\\pilot_oct30exp_2025-10-30_17h09.07.153.csv'
55.6242 	INFO 	saved data to C:\Users\psych\Desktop\posner experiment\data\pilot_oct30exp_2025-10-30_17h09.07.153.psydat
56.5881 	DEBUG 	Saving data for oct30exp ExperimentHandler
56.5910 	WARNING 	Stopping key buffers but this could be dangerous ifother keyboards rely on the same.
56.6349 	WARNING 	Stopping key buffers but this could be dangerous ifother keyboards rely on the same.
56.6350 	WARNING 	Stopping key buffers but this could be dangerous ifother keyboards rely on the same.
