11.7454 	DEBUG 	Fullscreen settings ignored as running in pilot mode.
11.7479 	INFO 	Loaded monitor calibration from ['2025_10_02 14:32']
12.5277 	INFO 	Using renderer 'AMD Radeon(TM) Graphics' for graphics
12.5278 	INFO 	OpenGL version supported by driver is 4..
12.5770 	EXP 	Created window1 = Window(allowGUI=False, allowStencil=False, autoLog=True, backendConf=UNKNOWN, backgroundFit=<method-wrapper '__getattribute__' of attributeSetter object at 0x000002814F877220>, backgroundImage=<method-wrapper '__getattribute__' of attributeSetter object at 0x000002814F877280>, bitsMode=UNKNOWN, blendMode='avg', bpc=(8, 8, 8), color=array([0, 0, 0]), colorSpace='rgb', depthBits=8, fullscr=False, gamma=None, gammaErrorPolicy='raise', infoMsg=UNKNOWN, lms=UNKNOWN, monitor=<psychopy.monitors.calibTools.Monitor object at 0x000002814F96F160>, multiSample=False, name='window1', numSamples=2, pos=[np.float64(560.0), np.float64(240.0)], screen=0, size=array([800, 600]), stencilBits=0, stereo=False, title='PsychoPy', units='height', useFBO=True, useRetina=False, viewOri=0.0, viewPos=None, viewScale=None, waitBlanking=True, winType='pyglet')
12.5772 	EXP 	window1: backgroundImage = ''
12.5773 	EXP 	window1: backgroundFit = 'none'
12.6568 	DEBUG 	TextBox2 loaded 1 chars with 0 blanks and 1 valid
12.7043 	DEBUG 	TextBox2 loaded 1 chars with 0 blanks and 1 valid
12.7524 	DEBUG 	TextBox2 loaded 1 chars with 0 blanks and 1 valid
12.7940 	DEBUG 	TextBox2 loaded 1 chars with 0 blanks and 1 valid
12.8273 	DEBUG 	TextBox2 loaded 1 chars with 0 blanks and 1 valid
12.8562 	DEBUG 	TextBox2 loaded 1 chars with 0 blanks and 1 valid
12.8846 	DEBUG 	TextBox2 loaded 1 chars with 0 blanks and 1 valid
12.9110 	DEBUG 	TextBox2 loaded 1 chars with 0 blanks and 1 valid
12.9373 	DEBUG 	TextBox2 loaded 1 chars with 0 blanks and 1 valid
12.9615 	DEBUG 	TextBox2 loaded 1 chars with 0 blanks and 1 valid
12.9904 	DEBUG 	TextBox2 loaded 1 chars with 0 blanks and 1 valid
13.0212 	DEBUG 	TextBox2 loaded 1 chars with 0 blanks and 1 valid
13.0462 	DEBUG 	TextBox2 loaded 1 chars with 0 blanks and 1 valid
13.0712 	DEBUG 	TextBox2 loaded 1 chars with 0 blanks and 1 valid
13.0945 	DEBUG 	TextBox2 loaded 1 chars with 0 blanks and 1 valid
13.1160 	DEBUG 	TextBox2 loaded 1 chars with 0 blanks and 1 valid
13.1387 	DEBUG 	TextBox2 loaded 1 chars with 0 blanks and 1 valid
13.1614 	DEBUG 	TextBox2 loaded 1 chars with 0 blanks and 1 valid
13.1948 	DEBUG 	TextBox2 loaded 1 chars with 0 blanks and 1 valid
13.2244 	DEBUG 	TextBox2 loaded 1 chars with 0 blanks and 1 valid
13.2547 	DEBUG 	TextBox2 loaded 1 chars with 0 blanks and 1 valid
13.2557 	DEBUG 	Uploading Texture Font fontname to graphics card
13.2596 	DEBUG 	Upload of Texture Font fontname complete
13.3201 	DEBUG 	TextBox2 loaded 1 chars with 0 blanks and 1 valid
13.3611 	DEBUG 	TextBox2 loaded 1 chars with 0 blanks and 1 valid
13.3959 	DEBUG 	TextBox2 loaded 1 chars with 0 blanks and 1 valid
13.3967 	DEBUG 	Uploading Texture Font fontname to graphics card
13.3976 	DEBUG 	Upload of Texture Font fontname complete
13.4031 	EXP 	window1: Attempting to measure frame rate of screen (0) ...
13.4032 	EXP 	window1: recordFrameIntervals = False
13.6133 	EXP 	window1: recordFrameIntervals = True
13.7966 	EXP 	Screen (0) actual frame rate measured at 60.09Hz
13.7967 	EXP 	window1: recordFrameIntervals = False
13.8342 	DEBUG 	TextBox2 loaded 1 chars with 0 blanks and 1 valid
13.8550 	DEBUG 	TextBox2 loaded 1 chars with 0 blanks and 1 valid
13.8776 	DEBUG 	TextBox2 loaded 1 chars with 0 blanks and 1 valid
13.8963 	DEBUG 	TextBox2 loaded 1 chars with 0 blanks and 1 valid
13.9148 	DEBUG 	TextBox2 loaded 1 chars with 0 blanks and 1 valid
13.9359 	DEBUG 	TextBox2 loaded 1 chars with 0 blanks and 1 valid
13.9581 	DEBUG 	TextBox2 loaded 1 chars with 0 blanks and 1 valid
13.9813 	DEBUG 	TextBox2 loaded 1 chars with 0 blanks and 1 valid
14.0046 	DEBUG 	TextBox2 loaded 1 chars with 0 blanks and 1 valid
14.0312 	DEBUG 	TextBox2 loaded 1 chars with 0 blanks and 1 valid
14.0318 	DEBUG 	Uploading Texture Font fontname to graphics card
14.0334 	DEBUG 	Upload of Texture Font fontname complete
14.1231 	INFO 	keyboard.Keyboard is using ptb backend.
14.1234 	INFO 	keyboard.Keyboard is using ptb backend.
14.1235 	INFO 	keyboard.Keyboard is using ptb backend.
14.1236 	EXP 	oct30exp: status = STARTED
14.3053 	EXP 	Created inst_text = TextStim(__class__=<class 'psychopy.visual.text.TextStim'>, alignHoriz=method-wrapper(...), alignText='center', alignVert=method-wrapper(...), anchorHoriz='center', anchorVert='center', antialias=True, autoDraw=False, autoLog=True, bold=False, color=array([1., 1., 1.]), colorSpace='rgb', contrast=1.0, depth=0.0, draggable=False, flipHoriz=False, flipVert=False, font='Arial', fontFiles=[], height=np.float64(0.05), italic=False, languageStyle='LTR', name='inst_text', opacity=1, ori=0.0, pos=array([0., 0.]), rgb=UNKNOWN, text=str(...), units='height', win=Window(...), wrapWidth=1)
14.3486 	EXP 	Created cue = ImageStim(__class__=<class 'psychopy.visual.image.ImageStim'>, anchor=('center', 'center'), autoLog=True, color=array([1., 1., 1.]), colorSpace='rgb', contrast=1.0, depth=0.0, draggable=False, flipHoriz=np.False_, flipVert=np.False_, image='images/rocket.png', interpolate=True, mask=None, maskParams=None, name='cue', opacity=1, ori=1.0, pos=array([0., 0.]), size=array([0.1, 0.1]), texRes=128.0, units='height', win=Window(...))
14.4957 	DEBUG 	Saving data for oct30exp ExperimentHandler
14.4979 	INFO 	saved data to C:\Users\psych\Desktop\posner experiment\data\pilot_oct30exp_2025-10-30_16h40.46.634.psydat
14.4998 	INFO 	saved data to 'C:\\Users\\psych\\Desktop\\posner experiment\\data\\pilot_oct30exp_2025-10-30_16h40.46.634.csv'
14.5087 	WARNING 	Stopping key buffers but this could be dangerous ifother keyboards rely on the same.
14.5292 	WARNING 	Stopping key buffers but this could be dangerous ifother keyboards rely on the same.
14.5293 	WARNING 	Stopping key buffers but this could be dangerous ifother keyboards rely on the same.
