10.4889 	DEBUG 	Fullscreen settings ignored as running in pilot mode.
10.5105 	INFO 	Loaded monitor calibration from ['2025_10_02 14:32']
10.9218 	INFO 	Using renderer 'AMD Radeon(TM) Graphics' for graphics
10.9218 	INFO 	OpenGL version supported by driver is 4..
10.9469 	EXP 	Created window1 = Window(allowGUI=False, allowStencil=False, autoLog=True, backendConf=UNKNOWN, backgroundFit=<method-wrapper '__getattribute__' of attributeSetter object at 0x0000018B660D7070>, backgroundImage=<method-wrapper '__getattribute__' of attributeSetter object at 0x0000018B660D70D0>, bitsMode=UNKNOWN, blendMode='avg', bpc=(8, 8, 8), color=array([0, 0, 0]), colorSpace='rgb', depthBits=8, fullscr=False, gamma=None, gammaErrorPolicy='raise', infoMsg=UNKNOWN, lms=UNKNOWN, monitor=<psychopy.monitors.calibTools.Monitor object at 0x0000018B661CF0D0>, multiSample=False, name='window1', numSamples=2, pos=[np.float64(560.0), np.float64(240.0)], screen=0, size=array([800, 600]), stencilBits=0, stereo=False, title='PsychoPy', units='height', useFBO=True, useRetina=False, viewOri=0.0, viewPos=None, viewScale=None, waitBlanking=True, winType='pyglet')
10.9470 	EXP 	window1: backgroundImage = ''
10.9470 	EXP 	window1: backgroundFit = 'none'
10.9808 	DEBUG 	TextBox2 loaded 1 chars with 0 blanks and 1 valid
10.9999 	DEBUG 	TextBox2 loaded 1 chars with 0 blanks and 1 valid
11.0192 	DEBUG 	TextBox2 loaded 1 chars with 0 blanks and 1 valid
11.0385 	DEBUG 	TextBox2 loaded 1 chars with 0 blanks and 1 valid
11.0576 	DEBUG 	TextBox2 loaded 1 chars with 0 blanks and 1 valid
11.0805 	DEBUG 	TextBox2 loaded 1 chars with 0 blanks and 1 valid
11.1004 	DEBUG 	TextBox2 loaded 1 chars with 0 blanks and 1 valid
11.1196 	DEBUG 	TextBox2 loaded 1 chars with 0 blanks and 1 valid
11.1379 	DEBUG 	TextBox2 loaded 1 chars with 0 blanks and 1 valid
11.1563 	DEBUG 	TextBox2 loaded 1 chars with 0 blanks and 1 valid
11.1753 	DEBUG 	TextBox2 loaded 1 chars with 0 blanks and 1 valid
11.1943 	DEBUG 	TextBox2 loaded 1 chars with 0 blanks and 1 valid
11.2155 	DEBUG 	TextBox2 loaded 1 chars with 0 blanks and 1 valid
11.2391 	DEBUG 	TextBox2 loaded 1 chars with 0 blanks and 1 valid
11.2609 	DEBUG 	TextBox2 loaded 1 chars with 0 blanks and 1 valid
11.2804 	DEBUG 	TextBox2 loaded 1 chars with 0 blanks and 1 valid
11.3085 	DEBUG 	TextBox2 loaded 1 chars with 0 blanks and 1 valid
11.3332 	DEBUG 	TextBox2 loaded 1 chars with 0 blanks and 1 valid
11.3526 	DEBUG 	TextBox2 loaded 1 chars with 0 blanks and 1 valid
11.3720 	DEBUG 	TextBox2 loaded 1 chars with 0 blanks and 1 valid
11.3904 	DEBUG 	TextBox2 loaded 1 chars with 0 blanks and 1 valid
11.3910 	DEBUG 	Uploading Texture Font fontname to graphics card
11.3937 	DEBUG 	Upload of Texture Font fontname complete
11.4211 	DEBUG 	TextBox2 loaded 1 chars with 0 blanks and 1 valid
11.4399 	DEBUG 	TextBox2 loaded 1 chars with 0 blanks and 1 valid
11.4586 	DEBUG 	TextBox2 loaded 1 chars with 0 blanks and 1 valid
11.4590 	DEBUG 	Uploading Texture Font fontname to graphics card
11.4599 	DEBUG 	Upload of Texture Font fontname complete
11.4627 	EXP 	window1: Attempting to measure frame rate of screen (0) ...
11.4628 	EXP 	window1: recordFrameIntervals = False
11.6553 	EXP 	window1: recordFrameIntervals = True
11.8372 	EXP 	Screen (0) actual frame rate measured at 60.28Hz
11.8373 	EXP 	window1: recordFrameIntervals = False
11.8679 	DEBUG 	TextBox2 loaded 1 chars with 0 blanks and 1 valid
11.8860 	DEBUG 	TextBox2 loaded 1 chars with 0 blanks and 1 valid
11.9044 	DEBUG 	TextBox2 loaded 1 chars with 0 blanks and 1 valid
11.9233 	DEBUG 	TextBox2 loaded 1 chars with 0 blanks and 1 valid
11.9442 	DEBUG 	TextBox2 loaded 1 chars with 0 blanks and 1 valid
11.9655 	DEBUG 	TextBox2 loaded 1 chars with 0 blanks and 1 valid
11.9836 	DEBUG 	TextBox2 loaded 1 chars with 0 blanks and 1 valid
12.0021 	DEBUG 	TextBox2 loaded 1 chars with 0 blanks and 1 valid
12.0207 	DEBUG 	TextBox2 loaded 1 chars with 0 blanks and 1 valid
12.0391 	DEBUG 	TextBox2 loaded 1 chars with 0 blanks and 1 valid
12.0397 	DEBUG 	Uploading Texture Font fontname to graphics card
12.0413 	DEBUG 	Upload of Texture Font fontname complete
12.1200 	INFO 	keyboard.Keyboard is using ptb backend.
12.1203 	INFO 	keyboard.Keyboard is using ptb backend.
12.1205 	INFO 	keyboard.Keyboard is using ptb backend.
12.1205 	EXP 	oct30exp: status = STARTED
12.2552 	EXP 	Created inst_text = TextStim(__class__=<class 'psychopy.visual.text.TextStim'>, alignHoriz=method-wrapper(...), alignText='center', alignVert=method-wrapper(...), anchorHoriz='center', anchorVert='center', antialias=True, autoDraw=False, autoLog=True, bold=False, color=array([1., 1., 1.]), colorSpace='rgb', contrast=1.0, depth=0.0, draggable=False, flipHoriz=False, flipVert=False, font='Arial', fontFiles=[], height=np.float64(0.05), italic=False, languageStyle='LTR', name='inst_text', opacity=1, ori=0.0, pos=array([0., 0.]), rgb=UNKNOWN, text=str(...), units='height', win=Window(...), wrapWidth=1)
12.3140 	EXP 	Created cue = ImageStim(__class__=<class 'psychopy.visual.image.ImageStim'>, anchor=('center', 'center'), autoLog=True, color=array([1., 1., 1.]), colorSpace='rgb', contrast=1.0, depth=0.0, draggable=False, flipHoriz=np.False_, flipVert=np.False_, image='images/green_alien.png', interpolate=True, mask=None, maskParams=None, name='cue', opacity=1, ori=1.0, pos=array([0., 0.]), size=array([0.1, 0.1]), texRes=128.0, units='height', win=Window(...))
12.4516 	DEBUG 	Saving data for oct30exp ExperimentHandler
12.4534 	INFO 	saved data to C:\Users\psych\Desktop\posner experiment\data\pilot_oct30exp_2025-10-30_16h36.28.863.psydat
12.4548 	INFO 	saved data to 'C:\\Users\\psych\\Desktop\\posner experiment\\data\\pilot_oct30exp_2025-10-30_16h36.28.863.csv'
12.4619 	WARNING 	Stopping key buffers but this could be dangerous ifother keyboards rely on the same.
12.5227 	WARNING 	Stopping key buffers but this could be dangerous ifother keyboards rely on the same.
12.5228 	WARNING 	Stopping key buffers but this could be dangerous ifother keyboards rely on the same.
