9.2473 	DEBUG 	Fullscreen settings ignored as running in pilot mode.
9.2495 	INFO 	Loaded monitor calibration from ['2025_10_02 14:32']
9.8185 	INFO 	Using renderer 'AMD Radeon(TM) Graphics' for graphics
9.8186 	INFO 	OpenGL version supported by driver is 4..
9.8662 	EXP 	Created window1 = Window(allowGUI=False, allowStencil=False, autoLog=True, backendConf=UNKNOWN, backgroundFit=<method-wrapper '__getattribute__' of attributeSetter object at 0x0000020C1C203F10>, backgroundImage=<method-wrapper '__getattribute__' of attributeSetter object at 0x0000020C1C203EB0>, bitsMode=UNKNOWN, blendMode='avg', bpc=(8, 8, 8), color=array([0, 0, 0]), colorSpace='rgb', depthBits=8, fullscr=False, gamma=None, gammaErrorPolicy='raise', infoMsg=UNKNOWN, lms=UNKNOWN, monitor=<psychopy.monitors.calibTools.Monitor object at 0x0000020C1C30B430>, multiSample=False, name='window1', numSamples=2, pos=[np.float64(560.0), np.float64(240.0)], screen=0, size=array([800, 600]), stencilBits=0, stereo=False, title='PsychoPy', units='height', useFBO=True, useRetina=False, viewOri=0.0, viewPos=None, viewScale=None, waitBlanking=True, winType='pyglet')
9.8663 	EXP 	window1: backgroundImage = ''
9.8664 	EXP 	window1: backgroundFit = 'none'
9.9282 	DEBUG 	TextBox2 loaded 1 chars with 0 blanks and 1 valid
9.9613 	DEBUG 	TextBox2 loaded 1 chars with 0 blanks and 1 valid
9.9982 	DEBUG 	TextBox2 loaded 1 chars with 0 blanks and 1 valid
10.0261 	DEBUG 	TextBox2 loaded 1 chars with 0 blanks and 1 valid
10.0492 	DEBUG 	TextBox2 loaded 1 chars with 0 blanks and 1 valid
10.0715 	DEBUG 	TextBox2 loaded 1 chars with 0 blanks and 1 valid
10.0930 	DEBUG 	TextBox2 loaded 1 chars with 0 blanks and 1 valid
10.1115 	DEBUG 	TextBox2 loaded 1 chars with 0 blanks and 1 valid
10.1292 	DEBUG 	TextBox2 loaded 1 chars with 0 blanks and 1 valid
10.1470 	DEBUG 	TextBox2 loaded 1 chars with 0 blanks and 1 valid
10.1655 	DEBUG 	TextBox2 loaded 1 chars with 0 blanks and 1 valid
10.1841 	DEBUG 	TextBox2 loaded 1 chars with 0 blanks and 1 valid
10.2036 	DEBUG 	TextBox2 loaded 1 chars with 0 blanks and 1 valid
10.2255 	DEBUG 	TextBox2 loaded 1 chars with 0 blanks and 1 valid
10.2491 	DEBUG 	TextBox2 loaded 1 chars with 0 blanks and 1 valid
10.2766 	DEBUG 	TextBox2 loaded 1 chars with 0 blanks and 1 valid
10.3043 	DEBUG 	TextBox2 loaded 1 chars with 0 blanks and 1 valid
10.3270 	DEBUG 	TextBox2 loaded 1 chars with 0 blanks and 1 valid
10.3513 	DEBUG 	TextBox2 loaded 1 chars with 0 blanks and 1 valid
10.3804 	DEBUG 	TextBox2 loaded 1 chars with 0 blanks and 1 valid
10.4124 	DEBUG 	TextBox2 loaded 1 chars with 0 blanks and 1 valid
10.4135 	DEBUG 	Uploading Texture Font fontname to graphics card
10.4174 	DEBUG 	Upload of Texture Font fontname complete
10.4624 	DEBUG 	TextBox2 loaded 1 chars with 0 blanks and 1 valid
10.4912 	DEBUG 	TextBox2 loaded 1 chars with 0 blanks and 1 valid
10.5207 	DEBUG 	TextBox2 loaded 1 chars with 0 blanks and 1 valid
10.5214 	DEBUG 	Uploading Texture Font fontname to graphics card
10.5223 	DEBUG 	Upload of Texture Font fontname complete
10.5274 	EXP 	window1: Attempting to measure frame rate of screen (0) ...
10.5275 	EXP 	window1: recordFrameIntervals = False
10.7292 	EXP 	window1: recordFrameIntervals = True
10.9802 	EXP 	Screen (0) actual frame rate measured at 59.84Hz
10.9802 	EXP 	window1: recordFrameIntervals = False
11.0304 	DEBUG 	TextBox2 loaded 1 chars with 0 blanks and 1 valid
11.0671 	DEBUG 	TextBox2 loaded 1 chars with 0 blanks and 1 valid
11.1027 	DEBUG 	TextBox2 loaded 1 chars with 0 blanks and 1 valid
11.1375 	DEBUG 	TextBox2 loaded 1 chars with 0 blanks and 1 valid
11.1701 	DEBUG 	TextBox2 loaded 1 chars with 0 blanks and 1 valid
11.2009 	DEBUG 	TextBox2 loaded 1 chars with 0 blanks and 1 valid
11.2299 	DEBUG 	TextBox2 loaded 1 chars with 0 blanks and 1 valid
11.2539 	DEBUG 	TextBox2 loaded 1 chars with 0 blanks and 1 valid
11.2761 	DEBUG 	TextBox2 loaded 1 chars with 0 blanks and 1 valid
11.2972 	DEBUG 	TextBox2 loaded 1 chars with 0 blanks and 1 valid
11.2979 	DEBUG 	Uploading Texture Font fontname to graphics card
11.3002 	DEBUG 	Upload of Texture Font fontname complete
11.4035 	INFO 	keyboard.Keyboard is using ptb backend.
11.4037 	INFO 	keyboard.Keyboard is using ptb backend.
11.4039 	INFO 	keyboard.Keyboard is using ptb backend.
11.4039 	EXP 	oct30exp: status = STARTED
11.5585 	EXP 	Created inst_text = TextStim(__class__=<class 'psychopy.visual.text.TextStim'>, alignHoriz=method-wrapper(...), alignText='center', alignVert=method-wrapper(...), anchorHoriz='center', anchorVert='center', antialias=True, autoDraw=False, autoLog=True, bold=False, color=array([1., 1., 1.]), colorSpace='rgb', contrast=1.0, depth=0.0, draggable=False, flipHoriz=False, flipVert=False, font='Arial', fontFiles=[], height=np.float64(0.05), italic=False, languageStyle='LTR', name='inst_text', opacity=1, ori=0.0, pos=array([0., 0.]), rgb=UNKNOWN, text=str(...), units='height', win=Window(...), wrapWidth=1)
11.6075 	EXP 	Created cue = ImageStim(__class__=<class 'psychopy.visual.image.ImageStim'>, anchor=('center', 'center'), autoLog=True, color=array([1., 1., 1.]), colorSpace='rgb', contrast=1.0, depth=-1.0, draggable=False, flipHoriz=np.False_, flipVert=np.False_, image='images/rocket.png', interpolate=True, mask=None, maskParams=None, name='cue', opacity=1, ori=1.0, pos=array([0., 0.]), size=array([0.1, 0.1]), texRes=128.0, units='height', win=Window(...))
11.6159 	EXP 	Created target = ImageStim(__class__=<class 'psychopy.visual.image.ImageStim'>, anchor=('center', 'center'), autoLog=True, color=array([1., 1., 1.]), colorSpace='rgb', contrast=1.0, depth=-2.0, draggable=False, flipHoriz=np.False_, flipVert=np.False_, image='default.png', interpolate=True, mask=None, maskParams=None, name='target', opacity=1, ori=1.0, pos=array([0., 0.]), size=array([0.1, 0.1]), texRes=128.0, units='height', win=Window(...))
11.6244 	EXP 	Created fbimage = ImageStim(__class__=<class 'psychopy.visual.image.ImageStim'>, anchor=('center', 'center'), autoLog=True, color=array([1., 1., 1.]), colorSpace='rgb', contrast=1.0, depth=-1.0, draggable=False, flipHoriz=np.False_, flipVert=np.False_, image='default.png', interpolate=True, mask=None, maskParams=None, name='fbimage', opacity=1, ori=0.0, pos=array([0., 0.]), size=array([0.5, 0.5]), texRes=128.0, units='height', win=Window(...))
0.0399 	INFO 	Keyboard events cleared
0.0398 	EXP 	inst_text: autoDraw = True
0.4095 	WARNING 	Keypress was given unknown key code (110)
0.4183 	EXP 	Device response: <KeyPress from None: t=0.3949253000027966, value=unknown, duration=None>
0.4200 	DATA 	Keypress: delete
0.6102 	EXP 	Device response: <KeyPress from None: t=0.3949253000027966, value=unknown, duration=0.19918630001484416>
1.3763 	EXP 	Device response: <KeyPress from None: t=1.3613469000265468, value=right, duration=None>
1.3934 	DEBUG 	Read excel file with openpyxl: spreadsheets/green_alien_block.xlsx
1.3944 	EXP 	Imported spreadsheets/green_alien_block.xlsx as conditions, 4 conditions, 5 params
1.3952 	EXP 	New trial (rep=0, index=0): <Trial 0 (0 in rep 0) data={'target_image': 'images/green_alien.png', 'cue_ori': 90, 'target_x': 0.5, 'condition': 'congruent', 'answer': 'right', 'thisN': 0, 'thisTrialN': 0, 'thisRepN': 0}>
1.4731 	DATA 	Keypress: right
1.4868 	EXP 	inst_text: autoDraw = False
1.4868 	EXP 	cue: ori = np.float64(90.0)
1.4868 	EXP 	target: ori = np.float64(0.0)
1.4868 	EXP 	target: image = 'images/green_alien.png'
1.4868 	EXP 	cue: autoDraw = True
1.6093 	EXP 	Device response: <KeyPress from None: t=1.3613469000265468, value=right, duration=0.23909940000157803>
1.9879 	INFO 	Keyboard events cleared
1.9878 	EXP 	cue: autoDraw = False
1.9878 	EXP 	target: autoDraw = True
2.3758 	EXP 	Device response: <KeyPress from None: t=2.3726322000147775, value=right, duration=None>
2.5161 	DEBUG 	Saving data for oct30exp ExperimentHandler
2.5194 	INFO 	saved data to C:\Users\psych\Desktop\posner experiment\data\pilot_oct30exp_2025-10-30_17h04.04.006.psydat
2.5215 	INFO 	saved data to 'C:\\Users\\psych\\Desktop\\posner experiment\\data\\pilot_oct30exp_2025-10-30_17h04.04.006.csv'
2.5432 	WARNING 	Stopping key buffers but this could be dangerous ifother keyboards rely on the same.
2.6438 	WARNING 	Stopping key buffers but this could be dangerous ifother keyboards rely on the same.
2.6439 	WARNING 	Stopping key buffers but this could be dangerous ifother keyboards rely on the same.
